/*C3*/SET SCHEMA PUBLIC
DROP TABLE IF EXISTS sailboattable
CREATE TABLE sailboattable (id INTEGER NOT NULL IDENTITY, name VARCHAR(30) NOT NULL, harbour VARCHAR(30), depth FLOAT, length INTEGER, classification VARCHAR(20), buildyear DATE)
INSERT INTO SAILBOATTABLE VALUES(0,'Teraju','Argentina',-1.0E0,75,'Y','1995-01-01')
COMMIT
INSERT INTO SAILBOATTABLE VALUES(1,'Valtair','Melbourne',2.3E0,65,'CRUISER','1996-01-01')
COMMIT
INSERT INTO SAILBOATTABLE VALUES(2,'Sanada','Unknown',3.0E0,57,'CRUISER','2008-01-01')
COMMIT
INSERT INTO SAILBOATTABLE VALUES(3,'Obsession','Unknown',3.2E0,50,'CRUISER','2004-01-01')
COMMIT
INSERT INTO SAILBOATTABLE VALUES(4,'goodspeed','Unknown',2.0E0,40,'CRUISE_RACER','2004-01-01')
COMMIT
INSERT INTO SAILBOATTABLE VALUES(5,'Enya','Unknown',1.7E0,33,'CRUISER','1980-01-01')
COMMIT
INSERT INTO SAILBOATTABLE VALUES(6,'La pologne 2','Ilawa',1.75E0,27,'SLOOP','2020-01-01')
COMMIT
INSERT INTO SAILBOATTABLE VALUES(7,'Alba','Unknown',1.9E0,36,'CRUISER','1976-01-01')
COMMIT
INSERT INTO SAILBOATTABLE VALUES(8,'BlackPearl','Houston',5.0E0,80,'CRUISER','2023-01-01')
COMMIT
INSERT INTO SAILBOATTABLE VALUES(9,'The big easy','Stavoren',1.55E0,30,'CRUISER','2000-01-01')
COMMIT
INSERT INTO SAILBOATTABLE VALUES(10,'Hangard','Brussel',1.5E0,34,'CRUISER','1970-01-01')
COMMIT
INSERT INTO SAILBOATTABLE VALUES(11,'Ricercare','Corfu',1.8E0,49,'CRUISER','1990-01-01')
COMMIT
INSERT INTO SAILBOATTABLE VALUES(12,'River blues','Unknown',1.6E0,37,'CRUISE_RACER','2006-01-01')
COMMIT
INSERT INTO SAILBOATTABLE VALUES(13,'Santana','Unknown',2.0E0,75,'CRUISER','1988-01-01')
COMMIT
INSERT INTO SAILBOATTABLE VALUES(14,'Optimist','Antwerp',0.5E0,5,'RACEBOAT','1947-01-01')
COMMIT
DELETE FROM SAILBOATTABLE WHERE ID=0
DELETE FROM SAILBOATTABLE WHERE ID=1
DELETE FROM SAILBOATTABLE WHERE ID=2
DELETE FROM SAILBOATTABLE WHERE ID=3
DELETE FROM SAILBOATTABLE WHERE ID=4
DELETE FROM SAILBOATTABLE WHERE ID=5
DELETE FROM SAILBOATTABLE WHERE ID=6
DELETE FROM SAILBOATTABLE WHERE ID=7
DELETE FROM SAILBOATTABLE WHERE ID=8
DELETE FROM SAILBOATTABLE WHERE ID=9
DELETE FROM SAILBOATTABLE WHERE ID=10
DELETE FROM SAILBOATTABLE WHERE ID=11
DELETE FROM SAILBOATTABLE WHERE ID=12
DELETE FROM SAILBOATTABLE WHERE ID=13
DELETE FROM SAILBOATTABLE WHERE ID=14
COMMIT
INSERT INTO SAILBOATTABLE VALUES(15,'Teraju','Argentina',-1.0E0,75,'Y','1995-01-01')
COMMIT
INSERT INTO SAILBOATTABLE VALUES(16,'Valtair','Melbourne',2.3E0,65,'CRUISER','1996-01-01')
COMMIT
INSERT INTO SAILBOATTABLE VALUES(17,'Sanada','Unknown',3.0E0,57,'CRUISER','2008-01-01')
COMMIT
INSERT INTO SAILBOATTABLE VALUES(18,'Obsession','Unknown',3.2E0,50,'CRUISER','2004-01-01')
COMMIT
INSERT INTO SAILBOATTABLE VALUES(19,'goodspeed','Unknown',2.0E0,40,'CRUISE_RACER','2004-01-01')
COMMIT
INSERT INTO SAILBOATTABLE VALUES(20,'Enya','Unknown',1.7E0,33,'CRUISER','1980-01-01')
COMMIT
INSERT INTO SAILBOATTABLE VALUES(21,'La pologne 2','Ilawa',1.75E0,27,'SLOOP','2020-01-01')
COMMIT
INSERT INTO SAILBOATTABLE VALUES(22,'Alba','Unknown',1.9E0,36,'CRUISER','1976-01-01')
COMMIT
INSERT INTO SAILBOATTABLE VALUES(23,'BlackPearl','Houston',5.0E0,80,'CRUISER','2023-01-01')
COMMIT
INSERT INTO SAILBOATTABLE VALUES(24,'The big easy','Stavoren',1.55E0,30,'CRUISER','2000-01-01')
COMMIT
INSERT INTO SAILBOATTABLE VALUES(25,'Hangard','Brussel',1.5E0,34,'CRUISER','1970-01-01')
COMMIT
INSERT INTO SAILBOATTABLE VALUES(26,'Ricercare','Corfu',1.8E0,49,'CRUISER','1990-01-01')
COMMIT
INSERT INTO SAILBOATTABLE VALUES(27,'River blues','Unknown',1.6E0,37,'CRUISE_RACER','2006-01-01')
COMMIT
INSERT INTO SAILBOATTABLE VALUES(28,'Santana','Unknown',2.0E0,75,'CRUISER','1988-01-01')
COMMIT
INSERT INTO SAILBOATTABLE VALUES(29,'Optimist','Antwerp',0.5E0,5,'RACEBOAT','1947-01-01')
COMMIT
DELETE FROM SAILBOATTABLE WHERE ID=15
INSERT INTO SAILBOATTABLE VALUES(15,'Test','Argentina',-1.0E0,75,'Y','1995-01-01')
COMMIT
DELETE FROM SAILBOATTABLE WHERE ID=15
DELETE FROM SAILBOATTABLE WHERE ID=16
DELETE FROM SAILBOATTABLE WHERE ID=17
DELETE FROM SAILBOATTABLE WHERE ID=18
DELETE FROM SAILBOATTABLE WHERE ID=19
DELETE FROM SAILBOATTABLE WHERE ID=20
DELETE FROM SAILBOATTABLE WHERE ID=21
DELETE FROM SAILBOATTABLE WHERE ID=22
DELETE FROM SAILBOATTABLE WHERE ID=23
DELETE FROM SAILBOATTABLE WHERE ID=24
DELETE FROM SAILBOATTABLE WHERE ID=25
DELETE FROM SAILBOATTABLE WHERE ID=26
DELETE FROM SAILBOATTABLE WHERE ID=27
DELETE FROM SAILBOATTABLE WHERE ID=28
DELETE FROM SAILBOATTABLE WHERE ID=29
COMMIT
INSERT INTO SAILBOATTABLE VALUES(30,'Teraju','Argentina',-1.0E0,75,'Y','1995-01-01')
COMMIT
INSERT INTO SAILBOATTABLE VALUES(31,'Valtair','Melbourne',2.3E0,65,'CRUISER','1996-01-01')
COMMIT
INSERT INTO SAILBOATTABLE VALUES(32,'Sanada','Unknown',3.0E0,57,'CRUISER','2008-01-01')
COMMIT
INSERT INTO SAILBOATTABLE VALUES(33,'Obsession','Unknown',3.2E0,50,'CRUISER','2004-01-01')
COMMIT
INSERT INTO SAILBOATTABLE VALUES(34,'goodspeed','Unknown',2.0E0,40,'CRUISE_RACER','2004-01-01')
COMMIT
INSERT INTO SAILBOATTABLE VALUES(35,'Enya','Unknown',1.7E0,33,'CRUISER','1980-01-01')
COMMIT
INSERT INTO SAILBOATTABLE VALUES(36,'La pologne 2','Ilawa',1.75E0,27,'SLOOP','2020-01-01')
COMMIT
INSERT INTO SAILBOATTABLE VALUES(37,'Alba','Unknown',1.9E0,36,'CRUISER','1976-01-01')
COMMIT
INSERT INTO SAILBOATTABLE VALUES(38,'BlackPearl','Houston',5.0E0,80,'CRUISER','2023-01-01')
COMMIT
INSERT INTO SAILBOATTABLE VALUES(39,'The big easy','Stavoren',1.55E0,30,'CRUISER','2000-01-01')
COMMIT
INSERT INTO SAILBOATTABLE VALUES(40,'Hangard','Brussel',1.5E0,34,'CRUISER','1970-01-01')
COMMIT
INSERT INTO SAILBOATTABLE VALUES(41,'Ricercare','Corfu',1.8E0,49,'CRUISER','1990-01-01')
COMMIT
INSERT INTO SAILBOATTABLE VALUES(42,'River blues','Unknown',1.6E0,37,'CRUISE_RACER','2006-01-01')
COMMIT
INSERT INTO SAILBOATTABLE VALUES(43,'Santana','Unknown',2.0E0,75,'CRUISER','1988-01-01')
COMMIT
INSERT INTO SAILBOATTABLE VALUES(44,'Optimist','Antwerp',0.5E0,5,'RACEBOAT','1947-01-01')
COMMIT
DELETE FROM SAILBOATTABLE WHERE ID=30
COMMIT
DELETE FROM SAILBOATTABLE WHERE ID=31
DELETE FROM SAILBOATTABLE WHERE ID=32
DELETE FROM SAILBOATTABLE WHERE ID=33
DELETE FROM SAILBOATTABLE WHERE ID=34
DELETE FROM SAILBOATTABLE WHERE ID=35
DELETE FROM SAILBOATTABLE WHERE ID=36
DELETE FROM SAILBOATTABLE WHERE ID=37
DELETE FROM SAILBOATTABLE WHERE ID=38
DELETE FROM SAILBOATTABLE WHERE ID=39
DELETE FROM SAILBOATTABLE WHERE ID=40
DELETE FROM SAILBOATTABLE WHERE ID=41
DELETE FROM SAILBOATTABLE WHERE ID=42
DELETE FROM SAILBOATTABLE WHERE ID=43
DELETE FROM SAILBOATTABLE WHERE ID=44
COMMIT
INSERT INTO SAILBOATTABLE VALUES(45,'Teraju','Argentina',-1.0E0,75,'Y','1995-01-01')
COMMIT
INSERT INTO SAILBOATTABLE VALUES(46,'Valtair','Melbourne',2.3E0,65,'CRUISER','1996-01-01')
COMMIT
INSERT INTO SAILBOATTABLE VALUES(47,'Sanada','Unknown',3.0E0,57,'CRUISER','2008-01-01')
COMMIT
INSERT INTO SAILBOATTABLE VALUES(48,'Obsession','Unknown',3.2E0,50,'CRUISER','2004-01-01')
COMMIT
INSERT INTO SAILBOATTABLE VALUES(49,'goodspeed','Unknown',2.0E0,40,'CRUISE_RACER','2004-01-01')
COMMIT
INSERT INTO SAILBOATTABLE VALUES(50,'Enya','Unknown',1.7E0,33,'CRUISER','1980-01-01')
COMMIT
INSERT INTO SAILBOATTABLE VALUES(51,'La pologne 2','Ilawa',1.75E0,27,'SLOOP','2020-01-01')
COMMIT
INSERT INTO SAILBOATTABLE VALUES(52,'Alba','Unknown',1.9E0,36,'CRUISER','1976-01-01')
COMMIT
INSERT INTO SAILBOATTABLE VALUES(53,'BlackPearl','Houston',5.0E0,80,'CRUISER','2023-01-01')
COMMIT
INSERT INTO SAILBOATTABLE VALUES(54,'The big easy','Stavoren',1.55E0,30,'CRUISER','2000-01-01')
COMMIT
INSERT INTO SAILBOATTABLE VALUES(55,'Hangard','Brussel',1.5E0,34,'CRUISER','1970-01-01')
COMMIT
INSERT INTO SAILBOATTABLE VALUES(56,'Ricercare','Corfu',1.8E0,49,'CRUISER','1990-01-01')
COMMIT
INSERT INTO SAILBOATTABLE VALUES(57,'River blues','Unknown',1.6E0,37,'CRUISE_RACER','2006-01-01')
COMMIT
INSERT INTO SAILBOATTABLE VALUES(58,'Santana','Unknown',2.0E0,75,'CRUISER','1988-01-01')
COMMIT
INSERT INTO SAILBOATTABLE VALUES(59,'Optimist','Antwerp',0.5E0,5,'RACEBOAT','1947-01-01')
COMMIT
DELETE FROM SAILBOATTABLE WHERE ID=45
DELETE FROM SAILBOATTABLE WHERE ID=46
DELETE FROM SAILBOATTABLE WHERE ID=47
DELETE FROM SAILBOATTABLE WHERE ID=48
DELETE FROM SAILBOATTABLE WHERE ID=49
DELETE FROM SAILBOATTABLE WHERE ID=50
DELETE FROM SAILBOATTABLE WHERE ID=51
DELETE FROM SAILBOATTABLE WHERE ID=52
DELETE FROM SAILBOATTABLE WHERE ID=53
DELETE FROM SAILBOATTABLE WHERE ID=54
DELETE FROM SAILBOATTABLE WHERE ID=55
DELETE FROM SAILBOATTABLE WHERE ID=56
DELETE FROM SAILBOATTABLE WHERE ID=57
DELETE FROM SAILBOATTABLE WHERE ID=58
DELETE FROM SAILBOATTABLE WHERE ID=59
COMMIT
DISCONNECT
