<?xml version="1.0" encoding="windows-1252" standalone="no"?>
<!DOCTYPE log SYSTEM "logger.dtd">
<log>
<record>
  <date>2023-10-16T18:30:25.644906100Z</date>
  <millis>1697481025644</millis>
  <nanos>906100</nanos>
  <sequence>0</sequence>
  <logger>be.kdg.model.Sailboats</logger>
  <level>FINER</level>
  <class>model.Sailboats</class>
  <method>add</method>
  <thread>1</thread>
  <message>Sailboat
Name: Teraju                         Harbour: Argentina
Depth: -1.00m                        Length: 75ft
Classification: Y                    Build year: 1995-01-01
Added to the list</message>
</record>
</log>
