<?xml version="1.0" encoding="windows-1252" standalone="no"?>
<!DOCTYPE log SYSTEM "logger.dtd">
<log>
<record>
  <date>2023-10-16T18:27:32.463913Z</date>
  <millis>1697480852463</millis>
  <nanos>913000</nanos>
  <sequence>0</sequence>
  <logger>be.kdg.model.Sailboat</logger>
  <level>SEVERE</level>
  <class>model.Sailboat</class>
  <method>setName</method>
  <thread>1</thread>
  <message>Name,  can not be less than 1 character long</message>
</record>
<record>
  <date>2023-10-16T18:27:32.525264500Z</date>
  <millis>1697480852525</millis>
  <nanos>264500</nanos>
  <sequence>1</sequence>
  <logger>be.kdg.model.Sailboat</logger>
  <level>SEVERE</level>
  <class>model.Sailboat</class>
  <method>setHarbour</method>
  <thread>1</thread>
  <message>Harbour,  can not be less than 1 character long</message>
</record>
<record>
  <date>2023-10-16T18:27:32.528775Z</date>
  <millis>1697480852528</millis>
  <nanos>775000</nanos>
  <sequence>2</sequence>
  <logger>be.kdg.model.Sailboat</logger>
  <level>SEVERE</level>
  <class>model.Sailboat</class>
  <method>setDepth</method>
  <thread>1</thread>
  <message>Depth, -2.000000 can not be less than 0</message>
</record>
<record>
  <date>2023-10-16T18:27:32.529780400Z</date>
  <millis>1697480852529</millis>
  <nanos>780400</nanos>
  <sequence>3</sequence>
  <logger>be.kdg.model.Sailboat</logger>
  <level>SEVERE</level>
  <class>model.Sailboat</class>
  <method>setLength</method>
  <thread>1</thread>
  <message>Length, -2 can not be less than 0</message>
</record>
<record>
  <date>2023-10-16T18:27:32.529780400Z</date>
  <millis>1697480852529</millis>
  <nanos>780400</nanos>
  <sequence>4</sequence>
  <logger>be.kdg.model.Sailboat</logger>
  <level>SEVERE</level>
  <class>model.Sailboat</class>
  <method>setBuildYear</method>
  <thread>1</thread>
  <message>Build year, 2024-01-01 can not be in the future</message>
</record>
</log>
