/*C1*/SET SCHEMA SYSTEM_LOBS
INSERT INTO BLOCKS VALUES(0,2147483647,0)
COMMIT
/*C2*/SET SCHEMA PUBLIC
CREATE TABLE sailboattable (id INTEGER NOT NULL IDENTITY, name VARCHAR(30) NOT NULL, harbour VARCHAR(30), depth FLOAT, length INTEGER, classification VARCHAR(20), buildyear DATE)
INSERT INTO SAILBOATTABLE VALUES(0,'Teraju','Argentina',-1.0E0,75,'Y','1995-01-01')
COMMIT
INSERT INTO SAILBOATTABLE VALUES(1,'Valtair','Melbourne',2.3E0,65,'CRUISER','1996-01-01')
COMMIT
INSERT INTO SAILBOATTABLE VALUES(2,'Sanada','Unknown',3.0E0,57,'CRUISER','2008-01-01')
COMMIT
INSERT INTO SAILBOATTABLE VALUES(3,'Obsession','Unknown',3.2E0,50,'CRUISER','2004-01-01')
COMMIT
INSERT INTO SAILBOATTABLE VALUES(4,'goodspeed','Unknown',2.0E0,40,'CRUISE_RACER','2004-01-01')
COMMIT
INSERT INTO SAILBOATTABLE VALUES(5,'Enya','Unknown',1.7E0,33,'CRUISER','1980-01-01')
COMMIT
INSERT INTO SAILBOATTABLE VALUES(6,'La pologne 2','Ilawa',1.75E0,27,'SLOOP','2020-01-01')
COMMIT
INSERT INTO SAILBOATTABLE VALUES(7,'Alba','Unknown',1.9E0,36,'CRUISER','1976-01-01')
COMMIT
INSERT INTO SAILBOATTABLE VALUES(8,'BlackPearl','Houston',5.0E0,80,'CRUISER','2023-01-01')
COMMIT
INSERT INTO SAILBOATTABLE VALUES(9,'The big easy','Stavoren',1.55E0,30,'CRUISER','2000-01-01')
COMMIT
INSERT INTO SAILBOATTABLE VALUES(10,'Gladys','Leeuwarden',1.5E0,34,'CRUISER','1978-01-01')
COMMIT
INSERT INTO SAILBOATTABLE VALUES(11,'Ricercare','Corfu',1.8E0,49,'CRUISER','1990-01-01')
COMMIT
INSERT INTO SAILBOATTABLE VALUES(12,'River blues','Unknown',1.6E0,37,'CRUISE_RACER','2006-01-01')
COMMIT
INSERT INTO SAILBOATTABLE VALUES(13,'Santana','Unknown',2.0E0,75,'CRUISER','1988-01-01')
COMMIT
INSERT INTO SAILBOATTABLE VALUES(14,'Optimist','Antwerp',0.5E0,5,'RACEBOAT','1947-01-01')
COMMIT
